<?xml version="1.0" encoding="UTF-8"?>
<!-- Generated by org.testng.reporters.JUnitXMLReporter -->
<testsuite hostname="Giridhar-Nitro-5" ignored="0" name="Test1" tests="5" failures="1" timestamp="09 Sep 2019 17:07:32 GMT" time="23.381" errors="0">
  <testcase name="launchApp" time="10.034" classname="com.tests.SwagLabsTests"/>
  <testcase name="sort" time="10.004" classname="com.tests.SwagLabsTests"/>
  <testcase name="selectAProduct" time="0.01" classname="com.tests.SwagLabsTests">
    <failure type="java.lang.AssertionError" message="expected [Sauce Lbs Backpack] but found [Sauce Labs Backpack]">
      <![CDATA[java.lang.AssertionError: expected [Sauce Lbs Backpack] but found [Sauce Labs Backpack]
at com.tests.SwagLabsTests.selectAProduct(SwagLabsTests.java:31)
... Removed 31 stack frames]]>
    </failure>
  </testcase> <!-- selectAProduct -->
  <testcase name="goToAboutPage" time="0.0" classname="com.tests.SwagLabsTests">
    <skipped/>
  </testcase> <!-- goToAboutPage -->
  <testcase name="logout" time="0.0" classname="com.tests.SwagLabsTests">
    <skipped/>
  </testcase> <!-- logout -->
</testsuite> <!-- Test1 -->
